{"/Users/elizabethelisha/Documents/GitHub/CFCode401/Labs/api-server/src/server.js": {"path":"/Users/elizabethelisha/Documents/GitHub/CFCode401/Labs/api-server/src/server.js","statementMap":{"0":{"start":{"line":3,"column":16},"end":{"line":3,"column":34}},"1":{"start":{"line":4,"column":24},"end":{"line":4,"column":55}},"2":{"start":{"line":5,"column":22},"end":{"line":5,"column":53}},"3":{"start":{"line":6,"column":15},"end":{"line":6,"column":45}},"4":{"start":{"line":7,"column":19},"end":{"line":7,"column":43}},"5":{"start":{"line":8,"column":22},"end":{"line":8,"column":49}},"6":{"start":{"line":9,"column":12},"end":{"line":9,"column":21}},"7":{"start":{"line":10,"column":0},"end":{"line":10,"column":27}},"8":{"start":{"line":12,"column":13},"end":{"line":12,"column":37}},"9":{"start":{"line":14,"column":0},"end":{"line":14,"column":24}},"10":{"start":{"line":15,"column":0},"end":{"line":15,"column":20}},"11":{"start":{"line":16,"column":0},"end":{"line":16,"column":23}},"12":{"start":{"line":19,"column":0},"end":{"line":19,"column":16}},"13":{"start":{"line":20,"column":0},"end":{"line":20,"column":38}},"14":{"start":{"line":21,"column":0},"end":{"line":21,"column":23}},"15":{"start":{"line":24,"column":0},"end":{"line":27,"column":2}},"16":{"start":{"line":26,"column":15},"end":{"line":26,"column":71}}},"fnMap":{"0":{"name":"(anonymous_0)","decl":{"start":{"line":26,"column":9},"end":{"line":26,"column":10}},"loc":{"start":{"line":26,"column":15},"end":{"line":26,"column":71}},"line":26}},"branchMap":{"0":{"loc":{"start":{"line":12,"column":13},"end":{"line":12,"column":37}},"type":"binary-expr","locations":[{"start":{"line":12,"column":13},"end":{"line":12,"column":29}},{"start":{"line":12,"column":33},"end":{"line":12,"column":37}}],"line":12}},"s":{"0":2,"1":2,"2":2,"3":2,"4":2,"5":2,"6":2,"7":2,"8":2,"9":2,"10":2,"11":2,"12":2,"13":2,"14":2,"15":2,"16":0},"f":{"0":0},"b":{"0":[2,0]},"_coverageSchema":"1a1c01bbd47fc00a2c39e90264f33305004495a9","hash":"9c4fad309e2a6338097d1f5ac92351e7d96ae4b2"}
,"/Users/elizabethelisha/Documents/GitHub/CFCode401/Labs/api-server/src/error-handlers/404.js": {"path":"/Users/elizabethelisha/Documents/GitHub/CFCode401/Labs/api-server/src/error-handlers/404.js","statementMap":{"0":{"start":{"line":4,"column":2},"end":{"line":4,"column":40}},"1":{"start":{"line":7,"column":0},"end":{"line":7,"column":33}}},"fnMap":{"0":{"name":"notFoundHandler","decl":{"start":{"line":3,"column":9},"end":{"line":3,"column":24}},"loc":{"start":{"line":3,"column":42},"end":{"line":5,"column":1}},"line":3}},"branchMap":{},"s":{"0":3,"1":2},"f":{"0":3},"b":{},"_coverageSchema":"1a1c01bbd47fc00a2c39e90264f33305004495a9","hash":"d3f7dc0c88dea82afd2e2d31615b4da5195dd497"}
,"/Users/elizabethelisha/Documents/GitHub/CFCode401/Labs/api-server/src/error-handlers/500.js": {"path":"/Users/elizabethelisha/Documents/GitHub/CFCode401/Labs/api-server/src/error-handlers/500.js","statementMap":{"0":{"start":{"line":4,"column":16},"end":{"line":4,"column":47}},"1":{"start":{"line":5,"column":2},"end":{"line":5,"column":30}},"2":{"start":{"line":8,"column":0},"end":{"line":8,"column":31}}},"fnMap":{"0":{"name":"internalError","decl":{"start":{"line":3,"column":9},"end":{"line":3,"column":22}},"loc":{"start":{"line":3,"column":44},"end":{"line":6,"column":1}},"line":3}},"branchMap":{"0":{"loc":{"start":{"line":4,"column":16},"end":{"line":4,"column":47}},"type":"cond-expr","locations":[{"start":{"line":4,"column":30},"end":{"line":4,"column":41}},{"start":{"line":4,"column":44},"end":{"line":4,"column":47}}],"line":4}},"s":{"0":0,"1":0,"2":2},"f":{"0":0},"b":{"0":[0,0]},"_coverageSchema":"1a1c01bbd47fc00a2c39e90264f33305004495a9","hash":"ce56781e16db00335ae1d1168d6abf5c50d1abac"}
,"/Users/elizabethelisha/Documents/GitHub/CFCode401/Labs/api-server/src/middleware/logger.js": {"path":"/Users/elizabethelisha/Documents/GitHub/CFCode401/Labs/api-server/src/middleware/logger.js","statementMap":{"0":{"start":{"line":4,"column":2},"end":{"line":4,"column":52}},"1":{"start":{"line":5,"column":2},"end":{"line":5,"column":9}},"2":{"start":{"line":8,"column":0},"end":{"line":8,"column":24}}},"fnMap":{"0":{"name":"logger","decl":{"start":{"line":3,"column":9},"end":{"line":3,"column":15}},"loc":{"start":{"line":3,"column":32},"end":{"line":6,"column":1}},"line":3}},"branchMap":{},"s":{"0":8,"1":8,"2":3},"f":{"0":8},"b":{},"_coverageSchema":"1a1c01bbd47fc00a2c39e90264f33305004495a9","hash":"b3ddc30ce1fe0c77552df90c30330fdd43b4de09"}
,"/Users/elizabethelisha/Documents/GitHub/CFCode401/Labs/api-server/src/models/animals.js": {"path":"/Users/elizabethelisha/Documents/GitHub/CFCode401/Labs/api-server/src/models/animals.js","statementMap":{"0":{"start":{"line":3,"column":0},"end":{"line":22,"column":2}},"1":{"start":{"line":4,"column":2},"end":{"line":21,"column":5}}},"fnMap":{"0":{"name":"(anonymous_0)","decl":{"start":{"line":3,"column":17},"end":{"line":3,"column":18}},"loc":{"start":{"line":3,"column":43},"end":{"line":22,"column":1}},"line":3}},"branchMap":{},"s":{"0":2,"1":2},"f":{"0":2},"b":{},"_coverageSchema":"1a1c01bbd47fc00a2c39e90264f33305004495a9","hash":"da1205f1fd6541f567ea026c252d75da96e419f7"}
,"/Users/elizabethelisha/Documents/GitHub/CFCode401/Labs/api-server/src/models/index.js": {"path":"/Users/elizabethelisha/Documents/GitHub/CFCode401/Labs/api-server/src/models/index.js","statementMap":{"0":{"start":{"line":3,"column":33},"end":{"line":3,"column":53}},"1":{"start":{"line":4,"column":19},"end":{"line":4,"column":36}},"2":{"start":{"line":5,"column":22},"end":{"line":5,"column":42}},"3":{"start":{"line":6,"column":23},"end":{"line":6,"column":58}},"4":{"start":{"line":7,"column":0},"end":{"line":7,"column":27}},"5":{"start":{"line":9,"column":21},"end":{"line":11,"column":77}},"6":{"start":{"line":14,"column":18},"end":{"line":14,"column":45}},"7":{"start":{"line":26,"column":19},"end":{"line":26,"column":51}},"8":{"start":{"line":29,"column":22},"end":{"line":29,"column":57}},"9":{"start":{"line":32,"column":0},"end":{"line":32,"column":76}},"10":{"start":{"line":33,"column":0},"end":{"line":33,"column":78}},"11":{"start":{"line":35,"column":0},"end":{"line":39,"column":2}}},"fnMap":{},"branchMap":{"0":{"loc":{"start":{"line":9,"column":21},"end":{"line":11,"column":77}},"type":"cond-expr","locations":[{"start":{"line":10,"column":4},"end":{"line":10,"column":20}},{"start":{"line":11,"column":4},"end":{"line":11,"column":77}}],"line":9},"1":{"loc":{"start":{"line":11,"column":4},"end":{"line":11,"column":77}},"type":"binary-expr","locations":[{"start":{"line":11,"column":4},"end":{"line":11,"column":28}},{"start":{"line":11,"column":32},"end":{"line":11,"column":77}}],"line":11}},"s":{"0":2,"1":2,"2":2,"3":2,"4":2,"5":2,"6":2,"7":2,"8":2,"9":2,"10":2,"11":2},"f":{},"b":{"0":[2,0],"1":[0,0]},"_coverageSchema":"1a1c01bbd47fc00a2c39e90264f33305004495a9","hash":"c0bdffc1ac4184fc6fe972157085c661df8acff5"}
,"/Users/elizabethelisha/Documents/GitHub/CFCode401/Labs/api-server/src/models/modelInterface.js": {"path":"/Users/elizabethelisha/Documents/GitHub/CFCode401/Labs/api-server/src/models/modelInterface.js","statementMap":{"0":{"start":{"line":5,"column":4},"end":{"line":5,"column":23}},"1":{"start":{"line":9,"column":4},"end":{"line":16,"column":5}},"2":{"start":{"line":11,"column":28},"end":{"line":11,"column":57}},"3":{"start":{"line":12,"column":6},"end":{"line":12,"column":29}},"4":{"start":{"line":14,"column":6},"end":{"line":14,"column":25}},"5":{"start":{"line":15,"column":6},"end":{"line":15,"column":17}},"6":{"start":{"line":20,"column":4},"end":{"line":26,"column":5}},"7":{"start":{"line":21,"column":24},"end":{"line":21,"column":71}},"8":{"start":{"line":22,"column":6},"end":{"line":22,"column":25}},"9":{"start":{"line":24,"column":6},"end":{"line":24,"column":25}},"10":{"start":{"line":25,"column":6},"end":{"line":25,"column":17}},"11":{"start":{"line":30,"column":4},"end":{"line":36,"column":5}},"12":{"start":{"line":31,"column":20},"end":{"line":31,"column":46}},"13":{"start":{"line":32,"column":6},"end":{"line":32,"column":21}},"14":{"start":{"line":34,"column":6},"end":{"line":34,"column":25}},"15":{"start":{"line":35,"column":6},"end":{"line":35,"column":17}},"16":{"start":{"line":41,"column":4},"end":{"line":48,"column":5}},"17":{"start":{"line":42,"column":26},"end":{"line":42,"column":69}},"18":{"start":{"line":43,"column":4},"end":{"line":43,"column":45}},"19":{"start":{"line":44,"column":4},"end":{"line":44,"column":27}},"20":{"start":{"line":46,"column":6},"end":{"line":46,"column":25}},"21":{"start":{"line":47,"column":6},"end":{"line":47,"column":17}},"22":{"start":{"line":52,"column":4},"end":{"line":59,"column":5}},"23":{"start":{"line":53,"column":26},"end":{"line":53,"column":67}},"24":{"start":{"line":54,"column":4},"end":{"line":54,"column":46}},"25":{"start":{"line":55,"column":4},"end":{"line":55,"column":27}},"26":{"start":{"line":57,"column":6},"end":{"line":57,"column":25}},"27":{"start":{"line":58,"column":6},"end":{"line":58,"column":17}},"28":{"start":{"line":63,"column":0},"end":{"line":63,"column":32}}},"fnMap":{"0":{"name":"(anonymous_0)","decl":{"start":{"line":4,"column":2},"end":{"line":4,"column":3}},"loc":{"start":{"line":4,"column":21},"end":{"line":6,"column":3}},"line":4},"1":{"name":"(anonymous_1)","decl":{"start":{"line":8,"column":2},"end":{"line":8,"column":3}},"loc":{"start":{"line":8,"column":21},"end":{"line":17,"column":3}},"line":8},"2":{"name":"(anonymous_2)","decl":{"start":{"line":19,"column":2},"end":{"line":19,"column":3}},"loc":{"start":{"line":19,"column":20},"end":{"line":27,"column":3}},"line":19},"3":{"name":"(anonymous_3)","decl":{"start":{"line":29,"column":2},"end":{"line":29,"column":3}},"loc":{"start":{"line":29,"column":18},"end":{"line":37,"column":3}},"line":29},"4":{"name":"(anonymous_4)","decl":{"start":{"line":40,"column":2},"end":{"line":40,"column":3}},"loc":{"start":{"line":40,"column":19},"end":{"line":49,"column":3}},"line":40},"5":{"name":"(anonymous_5)","decl":{"start":{"line":51,"column":2},"end":{"line":51,"column":3}},"loc":{"start":{"line":51,"column":19},"end":{"line":60,"column":3}},"line":51}},"branchMap":{},"s":{"0":4,"1":2,"2":2,"3":1,"4":1,"5":1,"6":2,"7":2,"8":2,"9":0,"10":0,"11":2,"12":2,"13":2,"14":0,"15":0,"16":2,"17":2,"18":2,"19":0,"20":2,"21":2,"22":2,"23":2,"24":2,"25":2,"26":0,"27":0,"28":2},"f":{"0":4,"1":2,"2":2,"3":2,"4":2,"5":2},"b":{},"_coverageSchema":"1a1c01bbd47fc00a2c39e90264f33305004495a9","hash":"cb42c7224df19352ed4e7ef821f8e41fc0f0812e"}
,"/Users/elizabethelisha/Documents/GitHub/CFCode401/Labs/api-server/src/models/pets.js": {"path":"/Users/elizabethelisha/Documents/GitHub/CFCode401/Labs/api-server/src/models/pets.js","statementMap":{"0":{"start":{"line":3,"column":0},"end":{"line":22,"column":2}},"1":{"start":{"line":4,"column":2},"end":{"line":21,"column":5}}},"fnMap":{"0":{"name":"(anonymous_0)","decl":{"start":{"line":3,"column":17},"end":{"line":3,"column":18}},"loc":{"start":{"line":3,"column":43},"end":{"line":22,"column":1}},"line":3}},"branchMap":{},"s":{"0":2,"1":2},"f":{"0":2},"b":{},"_coverageSchema":"1a1c01bbd47fc00a2c39e90264f33305004495a9","hash":"a05aba03e7ce0b46f05d9794a6ad4fbc27353e22"}
,"/Users/elizabethelisha/Documents/GitHub/CFCode401/Labs/api-server/src/routes/animals.js": {"path":"/Users/elizabethelisha/Documents/GitHub/CFCode401/Labs/api-server/src/routes/animals.js","statementMap":{"0":{"start":{"line":3,"column":16},"end":{"line":3,"column":34}},"1":{"start":{"line":4,"column":29},"end":{"line":4,"column":49}},"2":{"start":{"line":6,"column":15},"end":{"line":6,"column":31}},"3":{"start":{"line":9,"column":0},"end":{"line":15,"column":3}},"4":{"start":{"line":10,"column":16},"end":{"line":10,"column":24}},"5":{"start":{"line":13,"column":17},"end":{"line":13,"column":55}},"6":{"start":{"line":14,"column":2},"end":{"line":14,"column":33}},"7":{"start":{"line":18,"column":0},"end":{"line":21,"column":3}},"8":{"start":{"line":19,"column":19},"end":{"line":19,"column":51}},"9":{"start":{"line":20,"column":2},"end":{"line":20,"column":35}},"10":{"start":{"line":24,"column":0},"end":{"line":28,"column":3}},"11":{"start":{"line":25,"column":15},"end":{"line":25,"column":25}},"12":{"start":{"line":26,"column":18},"end":{"line":26,"column":52}},"13":{"start":{"line":27,"column":2},"end":{"line":27,"column":34}},"14":{"start":{"line":32,"column":0},"end":{"line":36,"column":3}},"15":{"start":{"line":33,"column":15},"end":{"line":33,"column":25}},"16":{"start":{"line":34,"column":22},"end":{"line":34,"column":55}},"17":{"start":{"line":35,"column":2},"end":{"line":35,"column":38}},"18":{"start":{"line":39,"column":0},"end":{"line":43,"column":3}},"19":{"start":{"line":40,"column":15},"end":{"line":40,"column":25}},"20":{"start":{"line":41,"column":22},"end":{"line":41,"column":55}},"21":{"start":{"line":42,"column":2},"end":{"line":42,"column":38}},"22":{"start":{"line":45,"column":0},"end":{"line":45,"column":24}}},"fnMap":{"0":{"name":"(anonymous_0)","decl":{"start":{"line":9,"column":24},"end":{"line":9,"column":25}},"loc":{"start":{"line":9,"column":50},"end":{"line":15,"column":1}},"line":9},"1":{"name":"(anonymous_1)","decl":{"start":{"line":18,"column":23},"end":{"line":18,"column":24}},"loc":{"start":{"line":18,"column":49},"end":{"line":21,"column":1}},"line":18},"2":{"name":"(anonymous_2)","decl":{"start":{"line":24,"column":27},"end":{"line":24,"column":28}},"loc":{"start":{"line":24,"column":53},"end":{"line":28,"column":1}},"line":24},"3":{"name":"(anonymous_3)","decl":{"start":{"line":32,"column":27},"end":{"line":32,"column":28}},"loc":{"start":{"line":32,"column":53},"end":{"line":36,"column":1}},"line":32},"4":{"name":"(anonymous_4)","decl":{"start":{"line":39,"column":30},"end":{"line":39,"column":31}},"loc":{"start":{"line":39,"column":56},"end":{"line":43,"column":1}},"line":39}},"branchMap":{},"s":{"0":2,"1":2,"2":2,"3":2,"4":1,"5":1,"6":1,"7":2,"8":1,"9":1,"10":2,"11":1,"12":1,"13":1,"14":2,"15":1,"16":1,"17":1,"18":2,"19":1,"20":1,"21":1,"22":2},"f":{"0":1,"1":1,"2":1,"3":1,"4":1},"b":{},"_coverageSchema":"1a1c01bbd47fc00a2c39e90264f33305004495a9","hash":"3e0afe905f4e63ff7f375ea6aeb3bb5681391c0f"}
,"/Users/elizabethelisha/Documents/GitHub/CFCode401/Labs/api-server/src/routes/pets.js": {"path":"/Users/elizabethelisha/Documents/GitHub/CFCode401/Labs/api-server/src/routes/pets.js","statementMap":{"0":{"start":{"line":3,"column":16},"end":{"line":3,"column":34}},"1":{"start":{"line":4,"column":26},"end":{"line":4,"column":46}},"2":{"start":{"line":6,"column":15},"end":{"line":6,"column":31}},"3":{"start":{"line":9,"column":0},"end":{"line":15,"column":3}},"4":{"start":{"line":10,"column":13},"end":{"line":10,"column":21}},"5":{"start":{"line":13,"column":17},"end":{"line":13,"column":49}},"6":{"start":{"line":14,"column":2},"end":{"line":14,"column":33}},"7":{"start":{"line":18,"column":0},"end":{"line":21,"column":3}},"8":{"start":{"line":19,"column":16},"end":{"line":19,"column":45}},"9":{"start":{"line":20,"column":2},"end":{"line":20,"column":32}},"10":{"start":{"line":24,"column":0},"end":{"line":28,"column":3}},"11":{"start":{"line":25,"column":15},"end":{"line":25,"column":25}},"12":{"start":{"line":26,"column":15},"end":{"line":26,"column":46}},"13":{"start":{"line":27,"column":2},"end":{"line":27,"column":31}},"14":{"start":{"line":32,"column":0},"end":{"line":36,"column":3}},"15":{"start":{"line":33,"column":15},"end":{"line":33,"column":25}},"16":{"start":{"line":34,"column":19},"end":{"line":34,"column":49}},"17":{"start":{"line":35,"column":2},"end":{"line":35,"column":35}},"18":{"start":{"line":39,"column":0},"end":{"line":43,"column":3}},"19":{"start":{"line":40,"column":15},"end":{"line":40,"column":25}},"20":{"start":{"line":41,"column":19},"end":{"line":41,"column":49}},"21":{"start":{"line":42,"column":2},"end":{"line":42,"column":35}},"22":{"start":{"line":45,"column":0},"end":{"line":45,"column":24}}},"fnMap":{"0":{"name":"(anonymous_0)","decl":{"start":{"line":9,"column":21},"end":{"line":9,"column":22}},"loc":{"start":{"line":9,"column":47},"end":{"line":15,"column":1}},"line":9},"1":{"name":"(anonymous_1)","decl":{"start":{"line":18,"column":20},"end":{"line":18,"column":21}},"loc":{"start":{"line":18,"column":46},"end":{"line":21,"column":1}},"line":18},"2":{"name":"(anonymous_2)","decl":{"start":{"line":24,"column":24},"end":{"line":24,"column":25}},"loc":{"start":{"line":24,"column":50},"end":{"line":28,"column":1}},"line":24},"3":{"name":"(anonymous_3)","decl":{"start":{"line":32,"column":24},"end":{"line":32,"column":25}},"loc":{"start":{"line":32,"column":50},"end":{"line":36,"column":1}},"line":32},"4":{"name":"(anonymous_4)","decl":{"start":{"line":39,"column":27},"end":{"line":39,"column":28}},"loc":{"start":{"line":39,"column":53},"end":{"line":43,"column":1}},"line":39}},"branchMap":{},"s":{"0":2,"1":2,"2":2,"3":2,"4":1,"5":1,"6":1,"7":2,"8":1,"9":1,"10":2,"11":1,"12":1,"13":1,"14":2,"15":1,"16":1,"17":1,"18":2,"19":1,"20":1,"21":1,"22":2},"f":{"0":1,"1":1,"2":1,"3":1,"4":1},"b":{},"_coverageSchema":"1a1c01bbd47fc00a2c39e90264f33305004495a9","hash":"4f99b5ac280eaffaece409f95bfab98b205ecada"}
}
