TN:
SF:src/server.js
FN:26,(anonymous_0)
FNF:1
FNH:0
FNDA:0,(anonymous_0)
DA:3,2
DA:4,2
DA:5,2
DA:6,2
DA:7,2
DA:8,2
DA:9,2
DA:10,2
DA:12,2
DA:14,2
DA:15,2
DA:16,2
DA:19,2
DA:20,2
DA:21,2
DA:24,2
DA:26,0
LF:17
LH:16
BRDA:12,0,0,2
BRDA:12,0,1,0
BRF:2
BRH:1
end_of_record
TN:
SF:src/error-handlers/404.js
FN:3,notFoundHandler
FNF:1
FNH:1
FNDA:3,notFoundHandler
DA:4,3
DA:7,2
LF:2
LH:2
BRF:0
BRH:0
end_of_record
TN:
SF:src/error-handlers/500.js
FN:3,internalError
FNF:1
FNH:0
FNDA:0,internalError
DA:4,0
DA:5,0
DA:8,2
LF:3
LH:1
BRDA:4,0,0,0
BRDA:4,0,1,0
BRF:2
BRH:0
end_of_record
TN:
SF:src/middleware/logger.js
FN:3,logger
FNF:1
FNH:1
FNDA:8,logger
DA:4,8
DA:5,8
DA:8,3
LF:3
LH:3
BRF:0
BRH:0
end_of_record
TN:
SF:src/models/animals.js
FN:3,(anonymous_0)
FNF:1
FNH:1
FNDA:2,(anonymous_0)
DA:3,2
DA:4,2
LF:2
LH:2
BRF:0
BRH:0
end_of_record
TN:
SF:src/models/index.js
FNF:0
FNH:0
DA:3,2
DA:4,2
DA:5,2
DA:6,2
DA:7,2
DA:9,2
DA:14,2
DA:26,2
DA:29,2
DA:32,2
DA:33,2
DA:35,2
LF:12
LH:12
BRDA:9,0,0,2
BRDA:9,0,1,0
BRDA:11,1,0,0
BRDA:11,1,1,0
BRF:4
BRH:1
end_of_record
TN:
SF:src/models/modelInterface.js
FN:4,(anonymous_0)
FN:8,(anonymous_1)
FN:19,(anonymous_2)
FN:29,(anonymous_3)
FN:39,(anonymous_4)
FN:50,(anonymous_5)
FNF:6
FNH:6
FNDA:4,(anonymous_0)
FNDA:6,(anonymous_1)
FNDA:9,(anonymous_2)
FNDA:2,(anonymous_3)
FNDA:2,(anonymous_4)
FNDA:4,(anonymous_5)
DA:5,4
DA:9,6
DA:11,6
DA:12,6
DA:14,0
DA:15,0
DA:20,9
DA:21,9
DA:22,9
DA:24,0
DA:25,0
DA:30,2
DA:31,2
DA:32,2
DA:34,0
DA:35,0
DA:40,2
DA:41,2
DA:42,2
DA:43,2
DA:45,0
DA:46,0
DA:51,4
DA:52,4
DA:53,4
DA:54,4
DA:56,0
DA:57,0
DA:62,2
LF:29
LH:19
BRF:0
BRH:0
end_of_record
TN:
SF:src/models/pets.js
FN:3,(anonymous_0)
FNF:1
FNH:1
FNDA:2,(anonymous_0)
DA:3,2
DA:4,2
LF:2
LH:2
BRF:0
BRH:0
end_of_record
TN:
SF:src/routes/animals.js
FN:9,(anonymous_0)
FN:18,(anonymous_1)
FN:24,(anonymous_2)
FN:32,(anonymous_3)
FN:39,(anonymous_4)
FNF:5
FNH:5
FNDA:2,(anonymous_0)
FNDA:1,(anonymous_1)
FNDA:5,(anonymous_2)
FNDA:1,(anonymous_3)
FNDA:2,(anonymous_4)
DA:3,2
DA:4,2
DA:6,2
DA:9,2
DA:10,2
DA:13,2
DA:14,2
DA:18,2
DA:19,1
DA:20,1
DA:24,2
DA:25,5
DA:26,5
DA:27,5
DA:32,2
DA:33,1
DA:34,1
DA:35,1
DA:39,2
DA:40,2
DA:41,2
DA:42,2
DA:45,2
LF:23
LH:23
BRF:0
BRH:0
end_of_record
TN:
SF:src/routes/pets.js
FN:9,(anonymous_0)
FN:18,(anonymous_1)
FN:24,(anonymous_2)
FN:32,(anonymous_3)
FN:40,(anonymous_4)
FNF:5
FNH:5
FNDA:4,(anonymous_0)
FNDA:1,(anonymous_1)
FNDA:4,(anonymous_2)
FNDA:1,(anonymous_3)
FNDA:2,(anonymous_4)
DA:3,2
DA:4,2
DA:6,2
DA:9,2
DA:10,4
DA:13,4
DA:14,4
DA:18,2
DA:19,1
DA:20,1
DA:24,2
DA:25,4
DA:26,4
DA:27,4
DA:32,2
DA:33,1
DA:35,1
DA:36,1
DA:40,2
DA:41,2
DA:42,2
DA:43,2
DA:46,2
LF:23
LH:23
BRF:0
BRH:0
end_of_record
